  Resources\LandShape\cubebox.FBX
  Resources\LandShape\cubebox2.FBX
  Resources\LandShape\goal.FBX
  Resources\LandShape\ipo.FBX
  Resources\LandShape\kaeb.FBX
  Resources\LandShape\maw.FBX
  Resources\LandShape\san.FBX
  Resources\LandShape\yuka.FBX
  Resources\model\atama.FBX
  Resources\model\cub.FBX
  Resources\model\Ground.FBX
  Resources\model\ground200.FBX
  Resources\model\ground2002.FBX
  Resources\model\Head.FBX
  Resources\model\head02.FBX
  Resources\model\heead.FBX
  Resources\model\hitcapsule.FBX
  Resources\model\hitspehere.FBX
  Resources\model\hou.FBX
  Resources\model\hou2.FBX
  Resources\model\houdaiiii.FBX
  Resources\model\karadaaa.FBX
  Resources\model\kyuu.FBX
  Resources\model\Lol.FBX
  Resources\model\Parts.FBX
  Resources\model\robot.FBX
  Resources\model\robotokari.FBX
  Resources\model\ryouashi.FBX
  Resources\model\sander.FBX
  Resources\model\SkyDorm.FBX
  Resources\model\Spehere.FBX
  Resources\model\Spehere2.FBX
  Resources\model\tank.FBX
  Resources\model\tankdou2.FBX
  Resources\model\tankdoutai.FBX
  Resources\model\tankhou1.FBX
  Resources\model\tankhou2.FBX
  Resources\model\teapod.FBX
  Resources\model\wakanne.FBX
  Resources\model\zentai.FBX
  Resources\model\zirai.FBX
