  Resources\LandShape\cubebox2.FBX
  Resources\LandShape\goal.FBX
  Resources\LandShape\yuka.FBX
  Resources\model\cub.FBX
  Resources\model\Ground.FBX
  Resources\model\ground2002.FBX
  Resources\model\hitcapsule.FBX
  Resources\model\hitspehere.FBX
  Resources\model\houdaiiii.FBX
  Resources\model\kyuu.FBX
  Resources\model\sander.FBX
  Resources\model\SkyDorm.FBX
  Resources\model\Spehere.FBX
  Resources\model\Spehere2.FBX
  Resources\model\tankdoutai.FBX
  Resources\model\tankhou1.FBX
  Resources\model\tankhou2.FBX
  Resources\model\zentai.FBX
  Resources\model\zirai.FBX
  GS_3DProgramming.vcxproj -> C:\Users\s152119\Documents\ゲームエンジンⅡ\Engin\Release\GS_3DProgramming.exe
  GS_3DProgramming.vcxproj -> C:\Users\s152119\Documents\ゲームエンジンⅡ\Engin\Release\GS_3DProgramming.pdb (Full PDB)
